This is pdfTeX, Version 3.14159265-2.6-1.40.20 (TeX Live 2019/Debian) (preloaded format=pdflatex 2020.11.29)  29 NOV 2020 15:15
entering extended mode
 restricted \write18 enabled.
 %&-line parsing enabled.
**\nonstopmode \bgroup\catcode62=2\relax \catcode`\_=12\relax \toks0\bgroup\inp
ut ./dnr_vignette.tex \relax>\expandafter\egroup\the\toks0\relax \bgroup\catcod
e62=2\relax \catcode`\_=12\relax \toks0\bgroup\input ./dnr_vignette.tex \relax>
\expandafter\egroup\the\toks0\relax \bgroup\catcode62=2\relax \catcode`\_=12\re
lax \toks0\bgroup\input ./dnr_vignette.tex \relax>\expandafter\egroup\the\toks0
\relax
(./dnr_vignette.tex (/usr/share/texlive/texmf-dist/tex/latex/base/article.cls
Document Class: article 2019/12/20 v1.4l Standard LaTeX document class
(/usr/share/texlive/texmf-dist/tex/latex/base/size12.clo
File: size12.clo 2019/12/20 v1.4l Standard LaTeX file (size option)
)
\c@part=\count167
\c@section=\count168
\c@subsection=\count169
\c@subsubsection=\count170
\c@paragraph=\count171
\c@subparagraph=\count172
\c@figure=\count173
\c@table=\count174
\abovecaptionskip=\skip47
\belowcaptionskip=\skip48
\bibindent=\dimen134
)
(/usr/share/texlive/texmf-dist/tex/latex/graphics/graphicx.sty
Package: graphicx 2019/11/30 v1.2a Enhanced LaTeX Graphics (DPC,SPQR)

(/usr/share/texlive/texmf-dist/tex/latex/graphics/keyval.sty
Package: keyval 2014/10/28 v1.15 key=value parser (DPC)
\KV@toks@=\toks14
)
(/usr/share/texlive/texmf-dist/tex/latex/graphics/graphics.sty
Package: graphics 2019/11/30 v1.4a Standard LaTeX Graphics (DPC,SPQR)

(/usr/share/texlive/texmf-dist/tex/latex/graphics/trig.sty
Package: trig 2016/01/03 v1.10 sin cos tan (DPC)
)
(/usr/share/texlive/texmf-dist/tex/latex/graphics-cfg/graphics.cfg
File: graphics.cfg 2016/06/04 v1.11 sample graphics configuration
)
Package graphics Info: Driver file: pdftex.def on input line 105.

(/usr/share/texlive/texmf-dist/tex/latex/graphics-def/pdftex.def
File: pdftex.def 2018/01/08 v1.0l Graphics/color driver for pdftex
))
\Gin@req@height=\dimen135
\Gin@req@width=\dimen136
)
(/usr/share/texlive/texmf-dist/tex/latex/graphics/color.sty
Package: color 2019/11/23 v1.2a Standard LaTeX Color (DPC)

(/usr/share/texlive/texmf-dist/tex/latex/graphics-cfg/color.cfg
File: color.cfg 2016/01/02 v1.6 sample color configuration
)
Package color Info: Driver file: pdftex.def on input line 147.
)
(/usr/share/texlive/texmf-dist/tex/latex/framed/framed.sty
Package: framed 2011/10/22 v 0.96: framed or shaded text with page breaks
\OuterFrameSep=\skip49
\fb@frw=\dimen137
\fb@frh=\dimen138
\FrameRule=\dimen139
\FrameSep=\dimen140
)
(/usr/share/texlive/texmf-dist/tex/latex/base/alltt.sty
Package: alltt 1997/06/16 v2.0g defines alltt environment
)
(/usr/share/texlive/texmf-dist/tex/latex/amsmath/amsmath.sty
Package: amsmath 2020/01/20 v2.17e AMS math features
\@mathmargin=\skip50

For additional information on amsmath, use the `?' option.
(/usr/share/texlive/texmf-dist/tex/latex/amsmath/amstext.sty
Package: amstext 2000/06/29 v2.01 AMS text

(/usr/share/texlive/texmf-dist/tex/latex/amsmath/amsgen.sty
File: amsgen.sty 1999/11/30 v2.0 generic functions
\@emptytoks=\toks15
\ex@=\dimen141
))
(/usr/share/texlive/texmf-dist/tex/latex/amsmath/amsbsy.sty
Package: amsbsy 1999/11/29 v1.2d Bold Symbols
\pmbraise@=\dimen142
)
(/usr/share/texlive/texmf-dist/tex/latex/amsmath/amsopn.sty
Package: amsopn 2016/03/08 v2.02 operator names
)
\inf@bad=\count175
LaTeX Info: Redefining \frac on input line 227.
\uproot@=\count176
\leftroot@=\count177
LaTeX Info: Redefining \overline on input line 389.
\classnum@=\count178
\DOTSCASE@=\count179
LaTeX Info: Redefining \ldots on input line 486.
LaTeX Info: Redefining \dots on input line 489.
LaTeX Info: Redefining \cdots on input line 610.
\Mathstrutbox@=\box45
\strutbox@=\box46
\big@size=\dimen143
LaTeX Font Info:    Redeclaring font encoding OML on input line 733.
LaTeX Font Info:    Redeclaring font encoding OMS on input line 734.
\macc@depth=\count180
\c@MaxMatrixCols=\count181
\dotsspace@=\muskip16
\c@parentequation=\count182
\dspbrk@lvl=\count183
\tag@help=\toks16
\row@=\count184
\column@=\count185
\maxfields@=\count186
\andhelp@=\toks17
\eqnshift@=\dimen144
\alignsep@=\dimen145
\tagshift@=\dimen146
\tagwidth@=\dimen147
\totwidth@=\dimen148
\lineht@=\dimen149
\@envbody=\toks18
\multlinegap=\skip51
\multlinetaggap=\skip52
\mathdisplay@stack=\toks19
LaTeX Info: Redefining \[ on input line 2859.
LaTeX Info: Redefining \] on input line 2860.
)
(/usr/share/texlive/texmf-dist/tex/latex/amscls/amsthm.sty
Package: amsthm 2017/10/31 v2.20.4
\thm@style=\toks20
\thm@bodyfont=\toks21
\thm@headfont=\toks22
\thm@notefont=\toks23
\thm@headpunct=\toks24
\thm@preskip=\skip53
\thm@postskip=\skip54
\thm@headsep=\skip55
\dth@everypar=\toks25
)
(/usr/share/texlive/texmf-dist/tex/latex/amsfonts/amssymb.sty
Package: amssymb 2013/01/14 v3.01 AMS font symbols

(/usr/share/texlive/texmf-dist/tex/latex/amsfonts/amsfonts.sty
Package: amsfonts 2013/01/14 v3.01 Basic AMSFonts support
\symAMSa=\mathgroup4
\symAMSb=\mathgroup5
LaTeX Font Info:    Redeclaring math symbol \hbar on input line 98.
LaTeX Font Info:    Overwriting math alphabet `\mathfrak' in version `bold'
(Font)                  U/euf/m/n --> U/euf/b/n on input line 106.
))
(/usr/share/texlive/texmf-dist/tex/latex/geometry/geometry.sty
Package: geometry 2020/01/02 v5.9 Page Geometry

(/usr/share/texlive/texmf-dist/tex/generic/iftex/ifvtex.sty
Package: ifvtex 2019/10/25 v1.7 ifvtex legacy package. Use iftex instead.

(/usr/share/texlive/texmf-dist/tex/generic/iftex/iftex.sty
Package: iftex 2019/11/07 v1.0c TeX engine tests
))
\Gm@cnth=\count187
\Gm@cntv=\count188
\c@Gm@tempcnt=\count189
\Gm@bindingoffset=\dimen150
\Gm@wd@mp=\dimen151
\Gm@odd@mp=\dimen152
\Gm@even@mp=\dimen153
\Gm@layoutwidth=\dimen154
\Gm@layoutheight=\dimen155
\Gm@layouthoffset=\dimen156
\Gm@layoutvoffset=\dimen157
\Gm@dimlist=\toks26
)
(/usr/share/texlive/texmf-dist/tex/latex/setspace/setspace.sty
Package: setspace 2011/12/19 v6.7a set line spacing
)
(/usr/share/texlive/texmf-dist/tex/latex/tools/verbatim.sty
Package: verbatim 2019/11/10 v1.5r LaTeX2e package for verbatim enhancements
\every@verbatim=\toks27
\verbatim@line=\toks28
\verbatim@in@stream=\read2
)
(/usr/share/texlive/texmf-dist/tex/latex/upquote/upquote.sty
Package: upquote 2012/04/19 v1.3 upright-quote and grave-accent glyphs in verba
tim
)
(/usr/share/texlive/texmf-dist/tex/latex/l3backend/l3backend-pdfmode.def
File: l3backend-pdfmode.def 2020-02-03 L3 backend support: PDF mode
\l__kernel_color_stack_int=\count190
\l__pdf_internal_box=\box47
)
(/home/avi/Work/Almquist/dnr/vignettes/dnr_vignette.aux)
\openout1 = `dnr_vignette.aux'.

LaTeX Font Info:    Checking defaults for OML/cmm/m/it on input line 66.
LaTeX Font Info:    ... okay on input line 66.
LaTeX Font Info:    Checking defaults for OMS/cmsy/m/n on input line 66.
LaTeX Font Info:    ... okay on input line 66.
LaTeX Font Info:    Checking defaults for OT1/cmr/m/n on input line 66.
LaTeX Font Info:    ... okay on input line 66.
LaTeX Font Info:    Checking defaults for T1/cmr/m/n on input line 66.
LaTeX Font Info:    ... okay on input line 66.
LaTeX Font Info:    Checking defaults for TS1/cmr/m/n on input line 66.
LaTeX Font Info:    ... okay on input line 66.
LaTeX Font Info:    Checking defaults for OMX/cmex/m/n on input line 66.
LaTeX Font Info:    ... okay on input line 66.
LaTeX Font Info:    Checking defaults for U/cmr/m/n on input line 66.
LaTeX Font Info:    ... okay on input line 66.

(/usr/share/texlive/texmf-dist/tex/context/base/mkii/supp-pdf.mkii
[Loading MPS to PDF converter (version 2006.09.02).]
\scratchcounter=\count191
\scratchdimen=\dimen158
\scratchbox=\box48
\nofMPsegments=\count192
\nofMParguments=\count193
\everyMPshowfont=\toks29
\MPscratchCnt=\count194
\MPscratchDim=\dimen159
\MPnumerator=\count195
\makeMPintoPDFobject=\count196
\everyMPtoPDFconversion=\toks30
) (/usr/share/texlive/texmf-dist/tex/latex/epstopdf-pkg/epstopdf-base.sty
Package: epstopdf-base 2020-01-24 v2.11 Base part for package epstopdf
Package epstopdf-base Info: Redefining graphics rule for `.eps' on input line 4
85.

(/usr/share/texlive/texmf-dist/tex/latex/latexconfig/epstopdf-sys.cfg
File: epstopdf-sys.cfg 2010/07/13 v1.3 Configuration of (r)epstopdf for TeX Liv
e
))
*geometry* driver: auto-detecting
*geometry* detected driver: pdftex
*geometry* verbose mode - [ preamble ] result:
* driver: pdftex
* paper: <default>
* layout: <same size as paper>
* layoutoffset:(h,v)=(0.0pt,0.0pt)
* modes: 
* h-part:(L,W,R)=(71.13188pt, 472.03123pt, 71.13188pt)
* v-part:(T,H,B)=(71.13188pt, 652.70622pt, 71.13188pt)
* \paperwidth=614.295pt
* \paperheight=794.96999pt
* \textwidth=472.03123pt
* \textheight=652.70622pt
* \oddsidemargin=-1.1381pt
* \evensidemargin=-1.1381pt
* \topmargin=-38.1381pt
* \headheight=12.0pt
* \headsep=25.0pt
* \topskip=12.0pt
* \footskip=30.0pt
* \marginparwidth=44.0pt
* \marginparsep=10.0pt
* \columnsep=10.0pt
* \skip\footins=10.8pt plus 4.0pt minus 2.0pt
* \hoffset=0.0pt
* \voffset=0.0pt
* \mag=1000
* \@twocolumnfalse
* \@twosidefalse
* \@mparswitchfalse
* \@reversemarginfalse
* (1in=72.27pt=25.4mm, 1cm=28.453pt)

LaTeX Font Info:    Trying to load font information for U+msa on input line 72.

(/usr/share/texlive/texmf-dist/tex/latex/amsfonts/umsa.fd
File: umsa.fd 2013/01/14 v3.01 AMS symbols A
)
LaTeX Font Info:    Trying to load font information for U+msb on input line 72.


(/usr/share/texlive/texmf-dist/tex/latex/amsfonts/umsb.fd
File: umsb.fd 2013/01/14 v3.01 AMS symbols B
)
Package color Info: Redefining color shadecolor on input line 84.
LaTeX Font Info:    Font shape `OT1/cmtt/bx/n' in size <12> not available
(Font)              Font shape `OT1/cmtt/m/n' tried instead on input line 86.
LaTeX Font Info:    Trying to load font information for OMS+cmtt on input line 
97.

(/usr/share/R/share/texmf/tex/latex/omscmtt.fd
File: omscmtt.fd 
)
LaTeX Font Info:    Font shape `OMS/cmtt/m/n' in size <12> not available
(Font)              Font shape `OMS/cmsy/m/n' tried instead on input line 97.

Overfull \hbox (83.71904pt too wide) in paragraph at lines 107--107
[]\OT1/cmtt/m/n/12 ## 828 829 830 831 901 902 903 904 905 906 907 908 909 910 9
11 912 913 914 915 916 917 918 
 []


Overfull \hbox (83.71904pt too wide) in paragraph at lines 108--108
[]\OT1/cmtt/m/n/12 ##  11  14  23  22  13   6  16  21  12  24  37  10   9  14  
10  12  24  21  12  11  15  16[] 
 []

Package color Info: Redefining color shadecolor on input line 118.
[1

{/var/lib/texmf/fonts/map/pdftex/updmap/pdftex.map}]
<figure/Vignette-beach-fig-1.pdf, id=12, 505.89pt x 505.89pt>
File: figure/Vignette-beach-fig-1.pdf Graphic file (type pdf)
<use figure/Vignette-beach-fig-1.pdf>
Package pdftex.def Info: figure/Vignette-beach-fig-1.pdf  used on input line 12
8.
(pdftex.def)             Requested size: 472.03123pt x 472.03983pt.


LaTeX Warning: `h' float specifier changed to `ht'.

[2 </home/avi/Work/Almquist/dnr/vignettes/figure/Vignette-beach-fig-1.pdf>]
Package color Info: Redefining color shadecolor on input line 164.
Package color Info: Redefining color shadecolor on input line 184.

[3]
Package color Info: Redefining color shadecolor on input line 210.
 [4]
Package color Info: Redefining color shadecolor on input line 280.
 [5]
Package color Info: Redefining color shadecolor on input line 341.
 [6] [7] [8]
Package color Info: Redefining color shadecolor on input line 436.

Overfull \hbox (9.619pt too wide) in paragraph at lines 486--486
[][]\OT1/cmtt/m/n/12 binaryPlot[][](simResult[][]$[][]SimNetwork[[[][]1[][]]][,
 ],[] []title[] []=[] []"Time point 32 (simulated)"[][])[][] 
 []


Overfull \hbox (9.619pt too wide) in paragraph at lines 487--487
[][]\OT1/cmtt/m/n/12 binaryPlot[][](simResult[][]$[][]SimNetwork[[[][]2[][]]][,
 ],[] []title[] []=[] []"Time point 33 (simulated)"[][])[][] 
 []


Overfull \hbox (9.619pt too wide) in paragraph at lines 488--488
[][]\OT1/cmtt/m/n/12 binaryPlot[][](simResult[][]$[][]SimNetwork[[[][]3[][]]][,
 ],[] []title[] []=[] []"Time point 34 (simulated)"[][])[][] 
 []

[9]
<figure/Vignette-sim-beach-1.pdf, id=44, 505.89pt x 505.89pt>
File: figure/Vignette-sim-beach-1.pdf Graphic file (type pdf)
<use figure/Vignette-sim-beach-1.pdf>
Package pdftex.def Info: figure/Vignette-sim-beach-1.pdf  used on input line 49
2.
(pdftex.def)             Requested size: 472.03123pt x 472.03983pt.
 [10]
Package color Info: Redefining color shadecolor on input line 506.
 [11 </home/avi/Work/Almquist/dnr/vignettes/figure/Vignette-sim-beach-1.pdf>]
<figure/Vignette-blog-data-1.pdf, id=57, 505.89pt x 505.89pt>
File: figure/Vignette-blog-data-1.pdf Graphic file (type pdf)
<use figure/Vignette-blog-data-1.pdf>
Package pdftex.def Info: figure/Vignette-blog-data-1.pdf  used on input line 54
0.
(pdftex.def)             Requested size: 472.03123pt x 472.03983pt.
 [12]
Package color Info: Redefining color shadecolor on input line 552.

Overfull \hbox (145.46907pt too wide) in paragraph at lines 555--555
[][]\OT1/cmtt/m/n/12 model.terms[][]=[][]c[][]([][]"triadcensus.003"[][],[] []"
triadcensus.012"[][],[] []"triadcensus.102"[][],[] []"triadcensus.021D"[][],[] 
[]"gwesp"[][]);[][] 
 []


Overfull \hbox (9.619pt too wide) in paragraph at lines 556--556
[][]\OT1/cmtt/m/n/12 model.formula[] []=[] []net[][]~[][]triadcensus[][]([][]0[
][]:[][]3[][])[][]+[][]gwesp[][]([][]decay[][]=[][]0[][],[] []fixed[][]=[][]FAL
SE[][],[] []cutoff[][]=[][]30[][])[][]-[][]1[][];[][] 
 []


Overfull \hbox (21.96901pt too wide) in paragraph at lines 575--575
[]                                  []\OT1/cmtt/m/n/12 lagmat[] []=[] []matrix[
][]([][]sample[][]([][]c[][]([][]0[][],[][]1[][]),(maxlag[][]+[][]1[][])[][]*[]
[]cdim,[][] 
 []


Overfull \hbox (59.01903pt too wide) in paragraph at lines 576--576
[]                                                         []\OT1/cmtt/m/n/12 r
eplace[] []=[] []TRUE[][]),[][]ncol[] []= cdim),[][] 
 []


Overfull \hbox (9.619pt too wide) in paragraph at lines 584--584
[]\OT1/cmtt/m/n/12 ##              edges      edgecov.dnc11      edgecov.dnc01 
     edgecov.dnc10[] 
 []


Overfull \hbox (9.619pt too wide) in paragraph at lines 585--585
[]\OT1/cmtt/m/n/12 ##      -8.2798622983      -0.2755134283      -1.0308723678 
      0.6787605819[] 
 []


Overfull \hbox (9.619pt too wide) in paragraph at lines 586--586
[]\OT1/cmtt/m/n/12 ##      edgecov.dnc00              gwesp  triadcensus.012.1 
triadcensus.021D.1[] 
 []


Overfull \hbox (9.619pt too wide) in paragraph at lines 587--587
[]\OT1/cmtt/m/n/12 ##      -0.3004918453       0.2986083582       0.0037902537 
     -0.1270131387[] 
 []


Overfull \hbox (9.619pt too wide) in paragraph at lines 588--588
[]\OT1/cmtt/m/n/12 ##            gwesp.1  triadcensus.003.2  triadcensus.012.2 
triadcensus.021D.2[] 
 []


Overfull \hbox (9.619pt too wide) in paragraph at lines 589--589
[]\OT1/cmtt/m/n/12 ##       0.3794581711       0.0358799758      -0.0003685272 
      0.0080763175[] 
 []


Overfull \hbox (9.619pt too wide) in paragraph at lines 590--590
[]\OT1/cmtt/m/n/12 ##            gwesp.2  triadcensus.003.3  triadcensus.012.3 
 triadcensus.102.3[] 
 []


Overfull \hbox (9.619pt too wide) in paragraph at lines 591--591
[]\OT1/cmtt/m/n/12 ##      -0.5852427683      -0.0161236662       0.0570554818 
      0.0869214221[] 
 []


Overfull \hbox (9.619pt too wide) in paragraph at lines 592--592
[]\OT1/cmtt/m/n/12 ##            gwesp.3               lag1               lag2 
              lag3[] 
 []


Overfull \hbox (9.619pt too wide) in paragraph at lines 593--593
[]\OT1/cmtt/m/n/12 ##      -0.4948791773       1.6541685129       3.7069640575 
      9.6239323751[] 
 []


Overfull \hbox (9.619pt too wide) in paragraph at lines 596--596
[]\OT1/cmtt/m/n/12 ##              edges      edgecov.dnc11      edgecov.dnc01 
     edgecov.dnc10[] 
 []


Overfull \hbox (9.619pt too wide) in paragraph at lines 597--597
[]\OT1/cmtt/m/n/12 ##         2.49763576         1.18150056         1.32414861 
        1.23096164[] 
 []


Overfull \hbox (9.619pt too wide) in paragraph at lines 598--598
[]\OT1/cmtt/m/n/12 ##      edgecov.dnc00              gwesp  triadcensus.012.1 
triadcensus.021D.1[] 
 []


Overfull \hbox (9.619pt too wide) in paragraph at lines 599--599
[]\OT1/cmtt/m/n/12 ##         1.47446131         0.47567584         0.02270740 
        0.13399467[] 
 []


Overfull \hbox (9.619pt too wide) in paragraph at lines 600--600
[]\OT1/cmtt/m/n/12 ##            gwesp.1  triadcensus.003.2  triadcensus.012.2 
triadcensus.021D.2[] 
 []


Overfull \hbox (9.619pt too wide) in paragraph at lines 601--601
[]\OT1/cmtt/m/n/12 ##         0.49373636         0.06841464         0.04069771 
        0.13640570[] 
 []


Overfull \hbox (9.619pt too wide) in paragraph at lines 602--602
[]\OT1/cmtt/m/n/12 ##            gwesp.2  triadcensus.003.3  triadcensus.012.3 
 triadcensus.102.3[] 
 []


Overfull \hbox (9.619pt too wide) in paragraph at lines 603--603
[]\OT1/cmtt/m/n/12 ##         0.62211905         0.07538929         0.04947578 
        0.06618294[] 
 []


Overfull \hbox (9.619pt too wide) in paragraph at lines 604--604
[]\OT1/cmtt/m/n/12 ##            gwesp.3               lag1               lag2 
              lag3[] 
 []


Overfull \hbox (9.619pt too wide) in paragraph at lines 605--605
[]\OT1/cmtt/m/n/12 ##         0.61931432         1.45943941         1.54169574 
        1.22620783[] 
 []


Overfull \hbox (15.794pt too wide) in paragraph at lines 612--612
[]\OT1/cmtt/m/n/12 ## Call:  arm::bayesglm(formula = y ~ . - 1, family = binomi
al(link = "logit"),[] 
 []


Overfull \hbox (28.14401pt too wide) in paragraph at lines 616--616
[]\OT1/cmtt/m/n/12 ##              edges       edgecov.dnc11       edgecov.dnc0
1       edgecov.dnc10[] 
 []


Overfull \hbox (28.14401pt too wide) in paragraph at lines 617--617
[]\OT1/cmtt/m/n/12 ##         -8.2798623          -0.2755134          -1.030872
4           0.6787606[] 
 []


Overfull \hbox (28.14401pt too wide) in paragraph at lines 618--618
[]\OT1/cmtt/m/n/12 ##      edgecov.dnc00               gwesp   triadcensus.012.
1  triadcensus.021D.1[] 
 []


Overfull \hbox (28.14401pt too wide) in paragraph at lines 619--619
[]\OT1/cmtt/m/n/12 ##         -0.3004918           0.2986084           0.003790
3          -0.1270131[] 
 []


Overfull \hbox (28.14401pt too wide) in paragraph at lines 620--620
[]\OT1/cmtt/m/n/12 ##            gwesp.1   triadcensus.003.2   triadcensus.012.
2  triadcensus.021D.2[] 
 []


Overfull \hbox (28.14401pt too wide) in paragraph at lines 621--621
[]\OT1/cmtt/m/n/12 ##          0.3794582           0.0358800          -0.000368
5           0.0080763[] 
 []


Overfull \hbox (28.14401pt too wide) in paragraph at lines 622--622
[]\OT1/cmtt/m/n/12 ##            gwesp.2   triadcensus.003.3   triadcensus.012.
3   triadcensus.102.3[] 
 []


Overfull \hbox (28.14401pt too wide) in paragraph at lines 623--623
[]\OT1/cmtt/m/n/12 ##         -0.5852428          -0.0161237           0.057055
5           0.0869214[] 
 []


Overfull \hbox (28.14401pt too wide) in paragraph at lines 624--624
[]\OT1/cmtt/m/n/12 ##            gwesp.3                lag1                lag
2                lag3[] 
 []


Overfull \hbox (28.14401pt too wide) in paragraph at lines 625--625
[]\OT1/cmtt/m/n/12 ##         -0.4948792           1.6541685           3.706964
1           9.6239324[] 
 []

[13 </home/avi/Work/Almquist/dnr/vignettes/figure/Vignette-blog-data-1.pdf>]
[14]
Package color Info: Redefining color shadecolor on input line 639.

Overfull \hbox (15.794pt too wide) in paragraph at lines 644--644
[][]\OT1/cmtt/m/n/12 model.formula[] []=[] []net[][]~[][]triadcensus[][]([][]0[
][]:[][]3[][])[][]+[][]gwesp[][]([][]decay[] []=[] []0[][],[] []fixed[][]=[][]F
ALSE[][],[] []cutoff[][]=[][]30[][])[][]-[][]1[][] 
 []


Overfull \hbox (89.89404pt too wide) in paragraph at lines 678--678
[][]\OT1/cmtt/m/n/12 tmp[] []<-[] []suppressWarnings[][]([][]engineEdge[][]([][
]start_network[][]=start_network,[][]inputcoeff[][]=inputcoeff,[][]ns[][]=ns,[]
[] 
 []


Overfull \hbox (71.36903pt too wide) in paragraph at lines 751--751
[][]\OT1/cmtt/m/n/12 binaryPlot[][](tmp[][]$[][]out_network[[[][]1[][]]][, ],[]
 []title[] []=[] []"Time point 7 (simulated)"[][],[] []axlabs[] []=[] []FALSE[]
[])[][] 
 []


Overfull \hbox (71.36903pt too wide) in paragraph at lines 752--752
[][]\OT1/cmtt/m/n/12 binaryPlot[][](tmp[][]$[][]out_network[[[][]2[][]]][, ],[]
 []title[] []=[] []"Time point 8 (simulated)"[][],[] []axlabs[] []=[] []FALSE[]
[])[][] 
 []


Overfull \hbox (71.36903pt too wide) in paragraph at lines 753--753
[][]\OT1/cmtt/m/n/12 binaryPlot[][](tmp[][]$[][]out_network[[[][]3[][]]][, ],[]
 []title[] []=[] []"Time point 9 (simulated)"[][],[] []axlabs[] []=[] []FALSE[]
[])[][] 
 []

[15] [16] [17]
<figure/Vignette-sim-blog-1.pdf, id=80, 505.89pt x 505.89pt>
File: figure/Vignette-sim-blog-1.pdf Graphic file (type pdf)
<use figure/Vignette-sim-blog-1.pdf>
Package pdftex.def Info: figure/Vignette-sim-blog-1.pdf  used on input line 757
.
(pdftex.def)             Requested size: 472.03123pt x 472.03983pt.
 [18]
Package color Info: Redefining color shadecolor on input line 771.
<figure/Vignette-param-ts-1.pdf, id=84, 505.89pt x 505.89pt>
File: figure/Vignette-param-ts-1.pdf Graphic file (type pdf)
<use figure/Vignette-param-ts-1.pdf>
Package pdftex.def Info: figure/Vignette-param-ts-1.pdf  used on input line 778
.
(pdftex.def)             Requested size: 472.03123pt x 472.03983pt.
 [19 </home/avi/Work/Almquist/dnr/vignettes/figure/Vignette-sim-blog-1.pdf>]
Package color Info: Redefining color shadecolor on input line 793.

Overfull \hbox (9.619pt too wide) in paragraph at lines 805--805
[]             []\OT1/cmtt/m/n/12 caption[] []=[][]"Performance metrics for inp
ut and simulated networks."[][])[][] 
 []

[20 </home/avi/Work/Almquist/dnr/vignettes/figure/Vignette-param-ts-1.pdf>]
[21] (/home/avi/Work/Almquist/dnr/vignettes/dnr_vignette.aux) ) 
Here is how much of TeX's memory you used:
 3147 strings out of 483183
 42929 string characters out of 5966291
 300555 words of memory out of 5000000
 18118 multiletter control sequences out of 15000+600000
 541131 words of font info for 59 fonts, out of 8000000 for 9000
 14 hyphenation exceptions out of 8191
 32i,8n,31p,960b,305s stack positions out of 5000i,500n,10000p,200000b,80000s
</usr/share/texl
ive/texmf-dist/fonts/type1/public/amsfonts/cm/cmbx12.pfb></usr/share/texlive/te
xmf-dist/fonts/type1/public/amsfonts/cm/cmitt10.pfb></usr/share/texlive/texmf-d
ist/fonts/type1/public/amsfonts/cm/cmr12.pfb></usr/share/texlive/texmf-dist/fon
ts/type1/public/amsfonts/cm/cmr17.pfb></usr/share/texlive/texmf-dist/fonts/type
1/public/amsfonts/cm/cmsy10.pfb></usr/share/texlive/texmf-dist/fonts/type1/publ
ic/amsfonts/cm/cmtt12.pfb>
Output written on dnr_vignette.pdf (21 pages, 206452 bytes).
PDF statistics:
 127 PDF objects out of 1000 (max. 8388607)
 87 compressed objects within 1 object stream
 0 named destinations out of 1000 (max. 500000)
 26 words of extra memory for PDF output out of 10000 (max. 10000000)

